[2025-03-18 17:08:00] [INFO] Caché actualizado para mario.alvarezcalderon82@gmail.com
[2025-03-18 17:08:00] [WARNING] Usuario mario.alvarezcalderon82@gmail.com no está activo
[2025-03-18 17:15:16] [INFO] Usuario mario.alvarezcalderon82@gmail.com obtenido desde caché
[2025-03-18 17:15:16] [WARNING] Usuario mario.alvarezcalderon82@gmail.com no está activo
[2025-03-18 17:19:24] [INFO] Usuario mario.alvarezcalderon82@gmail.com obtenido desde caché
[2025-03-18 17:19:24] [WARNING] Usuario mario.alvarezcalderon82@gmail.com no está activo
[2025-03-18 17:26:57] [INFO] Caché actualizado para mario.alvarezcalderon82@gmail.com
[2025-03-18 17:26:57] [INFO] Login exitoso para mario.alvarezcalderon82@gmail.com
[2025-03-18 19:46:01] [INFO] Caché actualizado para mario.alvarezcalderon82@gmail.com
[2025-03-18 19:46:02] [ERROR] Credenciales inválidas para email mario.alvarezcalderon82@gmail.com
[2025-03-18 19:46:11] [INFO] Usuario mario.alvarezcalderon82@gmail.com obtenido desde caché
[2025-03-18 19:46:11] [WARNING] Usuario mario.alvarezcalderon82@gmail.com no está activo
[2025-03-18 19:46:49] [INFO] Usuario mario.alvarezcalderon82@gmail.com obtenido desde caché
[2025-03-18 19:46:49] [WARNING] Usuario mario.alvarezcalderon82@gmail.com no está activo
[2025-03-18 19:46:56] [INFO] Usuario mario.alvarezcalderon82@gmail.com obtenido desde caché
[2025-03-18 19:46:56] [WARNING] Usuario mario.alvarezcalderon82@gmail.com no está activo
[2025-03-18 19:47:48] [INFO] Usuario mario.alvarezcalderon82@gmail.com obtenido desde caché
[2025-03-18 19:47:48] [WARNING] Usuario mario.alvarezcalderon82@gmail.com no está activo
[2025-03-18 19:48:42] [INFO] Usuario mario.alvarezcalderon82@gmail.com obtenido desde caché
[2025-03-18 19:48:42] [WARNING] Usuario mario.alvarezcalderon82@gmail.com no está activo
[2025-03-18 19:49:28] [INFO] Usuario mario.alvarezcalderon82@gmail.com obtenido desde caché
[2025-03-18 19:49:28] [WARNING] Usuario mario.alvarezcalderon82@gmail.com no está activo
[2025-03-18 19:49:43] [INFO] Usuario mario.alvarezcalderon82@gmail.com obtenido desde caché
[2025-03-18 19:49:43] [ERROR] Credenciales inválidas para email mario.alvarezcalderon82@gmail.com
[2025-03-18 19:49:52] [INFO] Usuario mario.alvarezcalderon82@gmail.com obtenido desde caché
[2025-03-18 19:49:52] [WARNING] Usuario mario.alvarezcalderon82@gmail.com no está activo
[2025-03-18 19:50:04] [INFO] Usuario mario.alvarezcalderon82@gmail.com obtenido desde caché
[2025-03-18 19:50:04] [WARNING] Usuario mario.alvarezcalderon82@gmail.com no está activo
[2025-03-18 19:53:31] [INFO] Usuario mario.alvarezcalderon82@gmail.com obtenido desde caché
[2025-03-18 19:53:31] [WARNING] Usuario mario.alvarezcalderon82@gmail.com no está activo
[2025-03-18 19:55:15] [INFO] Caché actualizado para mario.alvarezcalderon82@gmail.com
[2025-03-18 19:55:16] [ERROR] Credenciales inválidas para email mario.alvarezcalderon82@gmail.com
[2025-03-18 19:55:31] [INFO] Usuario mario.alvarezcalderon82@gmail.com obtenido desde caché
[2025-03-18 19:55:31] [ERROR] Credenciales inválidas para email mario.alvarezcalderon82@gmail.com
[2025-03-18 19:55:42] [INFO] Caché actualizado para mario.alvarezcalderon82@gmail.com
[2025-03-18 19:55:42] [ERROR] Credenciales inválidas para email mario.alvarezcalderon82@gmail.com
[2025-03-18 19:55:57] [INFO] Caché actualizado para mario.alvarezcalderon82@gmail.com
[2025-03-18 19:55:57] [ERROR] Credenciales inválidas para email mario.alvarezcalderon82@gmail.com
[2025-03-18 20:21:13] [INFO] Caché actualizado para mario.alvarezcalderon82@gmail.com
[2025-03-18 20:21:13] [INFO] Login exitoso para mario.alvarezcalderon82@gmail.com
[2025-03-18 22:38:51] [INFO] Caché actualizado para mario.alvarezcalderon82@gmail.com
[2025-03-18 22:38:51] [INFO] Login exitoso para mario.alvarezcalderon82@gmail.com
